java.lang.RuntimeException: Bloop BSP connection in /home/nixos/.cache/scalacli/bsp-sockets/proc-16168 was unexpectedly closed or bloop didn't start.
  scala.sys.package$.error(package.scala:27)
  bloop.rifle.internal.Operations$$anon$1.openSocket(Operations.scala:423)
  bloop.rifle.BloopServer$.create$1(BloopServer.scala:127)
  bloop.rifle.BloopServer$.connect(BloopServer.scala:143)
  bloop.rifle.BloopServer$.bsp(BloopServer.scala:166)
  bloop.rifle.BloopServer$.buildServer(BloopServer.scala:185)
  scala.build.compiler.BloopCompilerMaker.$anonfun$1(BloopCompilerMaker.scala:48)
  scala.build.compiler.BloopCompiler.<init>(BloopCompiler.scala:15)
  scala.build.compiler.BloopCompilerMaker.$anonfun$2(BloopCompilerMaker.scala:51)
  scala.util.Try$.apply(Try.scala:217)
  scala.build.compiler.BloopCompilerMaker.create(BloopCompilerMaker.scala:51)
  scala.build.compiler.ScalaCompilerMaker.withCompiler(ScalaCompilerMaker.scala:34)
  scala.build.compiler.ScalaCompilerMaker.withCompiler$(ScalaCompilerMaker.scala:9)
  scala.build.compiler.BloopCompilerMaker.withCompiler(BloopCompilerMaker.scala:14)
  scala.build.Build$.build$$anonfun$3(Build.scala:616)
  scala.build.EitherCps$Helper.apply(EitherCps.scala:19)
  scala.build.Build$.build(Build.scala:619)
  scala.cli.commands.run.Run$.runCommand(Run.scala:332)
  scala.cli.commands.run.Run$.runCommand(Run.scala:69)
  scala.cli.commands.run.Run$.runCommand(Run.scala:62)
  scala.cli.commands.ScalaCommand.run(ScalaCommand.scala:388)
  scala.cli.commands.ScalaCommand.run(ScalaCommand.scala:369)
  caseapp.core.app.CaseApp.main(CaseApp.scala:157)
  scala.cli.commands.ScalaCommand.main(ScalaCommand.scala:354)
  caseapp.core.app.CommandsEntryPoint.main(CommandsEntryPoint.scala:169)
  scala.cli.ScalaCliCommands.main(ScalaCliCommands.scala:125)
  scala.cli.ScalaCli$.main0(ScalaCli.scala:295)
  scala.cli.ScalaCli$.main(ScalaCli.scala:119)
  scala.cli.ScalaCli.main(ScalaCli.scala)
